\BOOKMARK [0][-]{ContentsLabel.0}{\376\377\000T\000a\000b\000l\000e\000\040\000o\000f\000\040\000C\000o\000n\000t\000e\000n\000t\000s}{}% 1
\BOOKMARK [0][-]{chapter.1}{\376\377\0001\000\040\000A\000b\000o\000u\000t\000\040\000T\000e\000X\000,\000\040\000L\000a\000T\000e\000X\000,\000\040\000a\000n\000d\000\040\000T\000e\000X\000S\000h\000o\000p}{}% 2
\BOOKMARK [1][-]{section.1.1}{\376\377\0001\000.\0001\000\040\000I\000n\000t\000r\000o\000d\000u\000c\000t\000i\000o\000n}{chapter.1}% 3
\BOOKMARK [1][-]{section.1.2}{\376\377\0001\000.\0002\000\040\000D\000o\000n\000a\000l\000d\000\040\000K\000n\000u\000t\000h\000\040\000a\000n\000d\000\040\000t\000h\000e\000\040\000C\000r\000e\000a\000t\000i\000o\000n\000\040\000o\000f\000\040\000T\000e\000X}{chapter.1}% 4
\BOOKMARK [1][-]{section.1.3}{\376\377\0001\000.\0003\000\040\000T\000e\000X\000\040\000a\000n\000d\000\040\000L\000a\000T\000e\000X}{chapter.1}% 5
\BOOKMARK [1][-]{section.1.4}{\376\377\0001\000.\0004\000\040\000O\000u\000t\000l\000i\000n\000e\000\040\000F\000o\000n\000t\000s}{chapter.1}% 6
\BOOKMARK [1][-]{section.1.5}{\376\377\0001\000.\0005\000\040\000M\000e\000t\000a\000F\000o\000n\000t\000\040\000T\000o\000d\000a\000y}{chapter.1}% 7
\BOOKMARK [1][-]{section.1.6}{\376\377\0001\000.\0006\000\040\000F\000r\000o\000n\000t\000\040\000E\000n\000d\000s\000\040\000a\000n\000d\000\040\000T\000e\000X\000S\000h\000o\000p}{chapter.1}% 8
\BOOKMARK [1][-]{section.1.7}{\376\377\0001\000.\0007\000\040\000B\000r\000i\000e\000f\000\040\000H\000i\000s\000t\000o\000r\000y\000\040\000o\000f\000\040\000T\000e\000X\000S\000h\000o\000p\000\040}{chapter.1}% 9
\BOOKMARK [0][-]{chapter.2}{\376\377\0002\000\040\000I\000n\000s\000t\000a\000l\000l\000i\000n\000g\000\040\000T\000e\000X\000\040\000o\000n\000\040\000a\000\040\000M\000a\000c\000i\000n\000t\000o\000s\000h}{}% 10
\BOOKMARK [1][-]{section.2.1}{\376\377\0002\000.\0001\000\040\000T\000e\000X\000\040\000L\000i\000v\000e}{chapter.2}% 11
\BOOKMARK [1][-]{section.2.2}{\376\377\0002\000.\0002\000\040\000I\000n\000s\000t\000a\000l\000l\000i\000n\000g\000\040\000T\000e\000X\000\040\000L\000i\000v\000e\000\040\000a\000n\000d\000\040\000T\000e\000X\000S\000h\000o\000p}{chapter.2}% 12
\BOOKMARK [1][-]{section.2.3}{\376\377\0002\000.\0003\000\040\000C\000a\000p\000a\000b\000i\000l\000i\000t\000i\000e\000s\000\040\000o\000f\000\040\000T\000e\000X}{chapter.2}% 13
\BOOKMARK [1][-]{section.2.4}{\376\377\0002\000.\0004\000\040\000U\000n\000d\000e\000r\000s\000t\000a\000n\000d\000i\000n\000g\000\040\000T\000e\000X\000S\000h\000o\000p}{chapter.2}% 14
\BOOKMARK [0][-]{chapter.3}{\376\377\0003\000\040\000G\000e\000t\000t\000i\000n\000g\000\040\000S\000t\000a\000r\000t\000e\000d}{}% 15
\BOOKMARK [1][-]{section.3.1}{\376\377\0003\000.\0001\000\040\000F\000i\000r\000s\000t\000\040\000S\000t\000e\000p\000s\000\040\000w\000i\000t\000h\000\040\000T\000e\000X\000\040\000a\000n\000d\000\040\000T\000e\000X\000S\000h\000o\000p}{chapter.3}% 16
\BOOKMARK [1][-]{section.3.2}{\376\377\0003\000.\0002\000\040\000A\000\040\000F\000e\000w\000\040\000U\000n\000f\000o\000r\000t\000u\000n\000a\000t\000e\000\040\000S\000y\000s\000t\000e\000m\000\040\000P\000r\000e\000f\000e\000r\000e\000n\000c\000e\000s}{chapter.3}% 17
\BOOKMARK [1][-]{section.3.3}{\376\377\0003\000.\0003\000\040\000S\000e\000c\000o\000n\000d\000\040\000S\000t\000e\000p\000s\000\040\000w\000i\000t\000h\000\040\000T\000e\000X}{chapter.3}% 18
\BOOKMARK [0][-]{chapter.4}{\376\377\0004\000\040\000B\000e\000h\000a\000v\000i\000o\000r\000s\000\040\000I\000n\000h\000e\000r\000i\000t\000e\000d\000\040\000f\000r\000o\000m\000\040\000m\000a\000c\000O\000S}{}% 19
\BOOKMARK [0][-]{chapter.5}{\376\377\0005\000\040\000C\000o\000n\000f\000i\000g\000u\000r\000i\000n\000g\000\040\000T\000e\000X\000S\000h\000o\000p}{}% 20
\BOOKMARK [1][-]{section.5.1}{\376\377\0005\000.\0001\000\040\000T\000e\000X\000S\000h\000o\000p\000\040\000P\000r\000e\000f\000e\000r\000e\000n\000c\000e\000s}{chapter.5}% 21
\BOOKMARK [1][-]{section.5.2}{\376\377\0005\000.\0002\000\040\000\040\000/\000L\000i\000b\000r\000a\000r\000y\000/\000T\000e\000X\000S\000h\000o\000p}{chapter.5}% 22
\BOOKMARK [1][-]{section.5.3}{\376\377\0005\000.\0003\000\040\000T\000e\000m\000p\000l\000a\000t\000e\000s}{chapter.5}% 23
\BOOKMARK [0][-]{chapter.6}{\376\377\0006\000\040\000E\000d\000i\000t\000i\000n\000g\000\040\000P\000r\000e\000f\000e\000r\000e\000n\000c\000e\000s}{}% 24
\BOOKMARK [1][-]{section.6.1}{\376\377\0006\000.\0001\000\040\000P\000r\000e\000f\000e\000r\000e\000n\000c\000e\000\040\000D\000e\000s\000i\000g\000n}{chapter.6}% 25
\BOOKMARK [1][-]{section.6.2}{\376\377\0006\000.\0002\000\040\000S\000o\000u\000r\000c\000e\000\040\000F\000o\000n\000t\000\040\000a\000n\000d\000\040\000F\000o\000n\000t\000\040\000S\000i\000z\000e}{chapter.6}% 26
\BOOKMARK [1][-]{section.6.3}{\376\377\0006\000.\0003\000\040\000O\000t\000h\000e\000r\000\040\000S\000o\000u\000r\000c\000e\000\040\000P\000r\000e\000f\000e\000r\000e\000n\000c\000e\000\040\000I\000t\000e\000m\000s}{chapter.6}% 27
\BOOKMARK [1][-]{section.6.4}{\376\377\0006\000.\0004\000\040\000O\000t\000h\000e\000r\000\040\000E\000d\000i\000t\000o\000r\000\040\000P\000r\000e\000f\000e\000r\000e\000n\000c\000e\000\040\000I\000t\000e\000m\000s}{chapter.6}% 28
\BOOKMARK [1][-]{section.6.5}{\376\377\0006\000.\0005\000\040\000P\000a\000r\000e\000n\000t\000h\000e\000s\000i\000s\000\040\000P\000a\000i\000r\000s\000\040\000i\000n\000\040\000t\000h\000e\000\040\000S\000o\000u\000r\000c\000e\000\040\000E\000d\000i\000t\000o\000r}{chapter.6}% 29
\BOOKMARK [0][-]{chapter.7}{\376\377\0007\000\040\000E\000n\000c\000o\000d\000i\000n\000g\000s}{}% 30
\BOOKMARK [1][-]{section.7.1}{\376\377\0007\000.\0001\000\040\000A\000b\000o\000u\000t\000\040\000E\000n\000c\000o\000d\000i\000n\000g\000s}{chapter.7}% 31
\BOOKMARK [1][-]{section.7.2}{\376\377\0007\000.\0002\000\040\000M\000o\000r\000e\000\040\000o\000n\000\040\000E\000n\000c\000o\000d\000i\000n\000g\000\040\000I\000s\000s\000u\000e\000s}{chapter.7}% 32
\BOOKMARK [1][-]{section.7.3}{\376\377\0007\000.\0003\000\040\000C\000h\000a\000n\000g\000i\000n\000g\000\040\000E\000n\000c\000o\000d\000i\000n\000g\000s\000\040\000o\000f\000\040\000F\000i\000l\000e\000s}{chapter.7}% 33
\BOOKMARK [0][-]{chapter.8}{\376\377\0008\000\040\000T\000y\000p\000e\000s\000e\000t\000t\000i\000n\000g\000\040\000E\000n\000g\000i\000n\000e\000s\000\040\000I}{}% 34
\BOOKMARK [1][-]{section.8.1}{\376\377\0008\000.\0001\000\040\000H\000i\000s\000t\000o\000r\000y}{chapter.8}% 35
\BOOKMARK [1][-]{section.8.2}{\376\377\0008\000.\0002\000\040\000C\000o\000n\000f\000i\000g\000u\000r\000i\000n\000g\000\040\000T\000e\000X\000\040\000a\000n\000d\000\040\000L\000a\000T\000e\000X\000\040\000T\000y\000p\000e\000s\000e\000t\000t\000i\000n\000g}{chapter.8}% 36
\BOOKMARK [1][-]{section.8.3}{\376\377\0008\000.\0003\000\040\000B\000i\000b\000t\000e\000x}{chapter.8}% 37
\BOOKMARK [1][-]{section.8.4}{\376\377\0008\000.\0004\000\040\000M\000a\000k\000e\000I\000n\000d\000e\000x}{chapter.8}% 38
\BOOKMARK [1][-]{section.8.5}{\376\377\0008\000.\0005\000\040\000O\000t\000h\000e\000r\000\040\000T\000y\000p\000e\000s\000e\000t\000t\000i\000n\000g\000\040\000P\000r\000e\000f\000e\000r\000e\000n\000c\000e\000\040\000S\000e\000t\000t\000i\000n\000g\000s}{chapter.8}% 39
\BOOKMARK [0][-]{chapter.9}{\376\377\0009\000\040\000T\000y\000p\000e\000s\000e\000t\000t\000i\000n\000g\000\040\000E\000n\000g\000i\000n\000e\000s\000\040\000I\000I}{}% 40
\BOOKMARK [1][-]{section.9.1}{\376\377\0009\000.\0001\000\040\000M\000o\000r\000e\000\040\000H\000i\000s\000t\000o\000r\000y}{chapter.9}% 41
\BOOKMARK [1][-]{section.9.2}{\376\377\0009\000.\0002\000\040\000E\000n\000g\000i\000n\000e\000s}{chapter.9}% 42
\BOOKMARK [1][-]{section.9.3}{\376\377\0009\000.\0003\000\040\000T\000y\000p\000e\000s\000e\000t\000t\000i\000n\000g\000\040\000w\000i\000t\000h\000\040\000a\000n\000\040\000E\000n\000g\000i\000n\000e}{chapter.9}% 43
\BOOKMARK [1][-]{section.9.4}{\376\377\0009\000.\0004\000\040\000l\000a\000t\000e\000x\000m\000k}{chapter.9}% 44
\BOOKMARK [1][-]{section.9.5}{\376\377\0009\000.\0005\000\040\000l\000a\000t\000e\000x\000m\000k\000\040\000h\000i\000s\000t\000o\000r\000y\000\040\000b\000y\000\040\000H\000e\000r\000b\000e\000r\000t\000\040\000S\000c\000h\000u\000l\000z}{chapter.9}% 45
\BOOKMARK [1][-]{section.9.6}{\376\377\0009\000.\0006\000\040\000T\000h\000e\000\040\000I\000n\000a\000c\000t\000i\000v\000e\000\040\000F\000o\000l\000d\000e\000r}{chapter.9}% 46
\BOOKMARK [1][-]{section.9.7}{\376\377\0009\000.\0007\000\040\000C\000r\000e\000a\000t\000i\000n\000g\000\040\000a\000\040\000N\000e\000w\000\040\000E\000n\000g\000i\000n\000e}{chapter.9}% 47
\BOOKMARK [1][-]{section.9.8}{\376\377\0009\000.\0008\000\040\000U\000s\000e\000f\000u\000l\000\040\000E\000n\000g\000i\000n\000e\000\040\000C\000o\000m\000m\000a\000n\000d\000s}{chapter.9}% 48
\BOOKMARK [1][-]{section.9.9}{\376\377\0009\000.\0009\000\040\000R\000e\000c\000e\000n\000t\000\040\000A\000d\000d\000i\000t\000i\000o\000n\000a\000l\000\040\000E\000n\000g\000i\000n\000e\000\040\000C\000o\000m\000m\000a\000n\000d\000s}{chapter.9}% 49
\BOOKMARK [0][-]{chapter.10}{\376\377\0001\0000\000\040\000P\000r\000o\000j\000e\000c\000t\000s\000\040\000w\000i\000t\000h\000\040\000M\000u\000l\000t\000i\000p\000l\000e\000\040\000I\000n\000p\000u\000t\000\040\000F\000i\000l\000e\000s}{}% 50
\BOOKMARK [0][-]{chapter.11}{\376\377\0001\0001\000\040\000G\000o\000t\000o\000\040\000E\000r\000r\000o\000r\000,\000\040\000T\000r\000a\000s\000h\000\040\000A\000u\000x\000\040\000F\000i\000l\000e\000s\000,\000\040\000S\000y\000n\000c\000T\000e\000X}{}% 51
\BOOKMARK [1][-]{section.11.1}{\376\377\0001\0001\000.\0001\000\040\000G\000o\000t\000o\000\040\000E\000r\000r\000o\000r}{chapter.11}% 52
\BOOKMARK [1][-]{section.11.2}{\376\377\0001\0001\000.\0002\000\040\000T\000r\000a\000s\000h\000\040\000A\000u\000x\000\040\000F\000i\000l\000e\000s}{chapter.11}% 53
\BOOKMARK [1][-]{section.11.3}{\376\377\0001\0001\000.\0003\000\040\000S\000y\000n\000c\000T\000e\000X}{chapter.11}% 54
\BOOKMARK [0][-]{chapter.12}{\376\377\0001\0002\000\040\000S\000y\000n\000c\000h\000r\000o\000n\000i\000z\000i\000n\000g\000\040\000P\000a\000g\000e\000\040\000N\000u\000m\000b\000e\000r\000s}{}% 55
\BOOKMARK [0][-]{chapter.13}{\376\377\0001\0003\000\040\000O\000r\000g\000a\000n\000i\000z\000i\000n\000g\000\040\000W\000i\000n\000d\000o\000w\000s\000\040\000i\000n\000\040\000T\000e\000X\000S\000h\000o\000p}{}% 56
\BOOKMARK [1][-]{section.13.1}{\376\377\0001\0003\000.\0001\000\040\000I\000n\000t\000r\000o\000d\000u\000c\000t\000i\000o\000n}{chapter.13}% 57
\BOOKMARK [1][-]{section.13.2}{\376\377\0001\0003\000.\0002\000\040\000S\000i\000n\000g\000l\000e\000\040\000W\000i\000n\000d\000o\000w\000\040\000M\000o\000d\000e}{chapter.13}% 58
\BOOKMARK [1][-]{section.13.3}{\376\377\0001\0003\000.\0003\000\040\000M\000u\000l\000t\000i\000p\000l\000e\000\040\000W\000i\000n\000d\000o\000w\000s\000\040\000w\000i\000t\000h\000\040\000T\000a\000b\000s}{chapter.13}% 59
\BOOKMARK [1][-]{section.13.4}{\376\377\0001\0003\000.\0004\000\040\000S\000i\000n\000g\000l\000e\000\040\000W\000i\000n\000d\000o\000w\000\040\000M\000o\000d\000e\000\040\000a\000n\000d\000\040\000T\000a\000b\000s}{chapter.13}% 60
\BOOKMARK [1][-]{section.13.5}{\376\377\0001\0003\000.\0005\000\040\000O\000b\000s\000o\000l\000e\000t\000e\000\040\000T\000a\000b\000\040\000C\000o\000m\000m\000a\000n\000d\000s}{chapter.13}% 61
\BOOKMARK [0][-]{chapter.14}{\376\377\0001\0004\000\040\000M\000a\000c\000r\000o\000s}{}% 62
\BOOKMARK [1][-]{section.14.1}{\376\377\0001\0004\000.\0001\000\040\000I\000n\000t\000r\000o\000d\000u\000c\000t\000i\000o\000n}{chapter.14}% 63
\BOOKMARK [1][-]{section.14.2}{\376\377\0001\0004\000.\0002\000\040\000D\000e\000f\000a\000u\000l\000t\000\040\000M\000a\000c\000r\000o\000s}{chapter.14}% 64
\BOOKMARK [1][-]{section.14.3}{\376\377\0001\0004\000.\0003\000\040\000R\000e\000a\000r\000r\000a\000n\000g\000i\000n\000g\000\040\000M\000a\000c\000r\000o\000s}{chapter.14}% 65
\BOOKMARK [1][-]{section.14.4}{\376\377\0001\0004\000.\0004\000\040\000A\000p\000p\000l\000e\000S\000c\000r\000i\000p\000t\000\040\000M\000a\000c\000r\000o\000s}{chapter.14}% 66
\BOOKMARK [1][-]{section.14.5}{\376\377\0001\0004\000.\0005\000\040\000I\000n\000c\000l\000u\000d\000e\000d\000\040\000A\000p\000p\000l\000e\000S\000c\000r\000i\000p\000t\000\040\000C\000o\000m\000m\000a\000n\000d\000s}{chapter.14}% 67
\BOOKMARK [1][-]{section.14.6}{\376\377\0001\0004\000.\0006\000\040\000D\000e\000f\000i\000n\000i\000n\000g\000\040\000A\000p\000p\000l\000e\000S\000c\000r\000i\000p\000t\000s}{chapter.14}% 68
\BOOKMARK [1][-]{section.14.7}{\376\377\0001\0004\000.\0007\000\040\000D\000i\000a\000l\000o\000g\000s}{chapter.14}% 69
\BOOKMARK [1][-]{section.14.8}{\376\377\0001\0004\000.\0008\000\040\000W\000r\000i\000t\000i\000n\000g\000\040\000C\000o\000m\000p\000l\000e\000t\000e\000\040\000A\000p\000p\000l\000e\000S\000c\000r\000i\000p\000t\000s}{chapter.14}% 70
\BOOKMARK [1][-]{section.14.9}{\376\377\0001\0004\000.\0009\000\040\000W\000r\000i\000t\000i\000n\000g\000\040\000C\000o\000m\000m\000a\000n\000d\000\040\000S\000c\000r\000i\000p\000t\000s}{chapter.14}% 71
\BOOKMARK [0][-]{chapter.15}{\376\377\0001\0005\000\040\000E\000d\000i\000t\000i\000n\000g\000\040\000A\000i\000d\000s}{}% 72
\BOOKMARK [1][-]{section.15.1}{\376\377\0001\0005\000.\0001\000\040\000E\000m\000a\000c\000s\000\040\000M\000o\000d\000e}{chapter.15}% 73
\BOOKMARK [1][-]{section.15.2}{\376\377\0001\0005\000.\0002\000\040\000K\000e\000y\000\040\000B\000i\000n\000d\000i\000n\000g\000s}{chapter.15}% 74
\BOOKMARK [1][-]{section.15.3}{\376\377\0001\0005\000.\0003\000\040\000C\000o\000m\000m\000a\000n\000d\000\040\000C\000o\000m\000p\000l\000e\000t\000i\000o\000n}{chapter.15}% 75
\BOOKMARK [2][-]{subsection.15.3.1}{\376\377\0001\0005\000.\0003\000.\0001\000\040\000I\000n\000t\000r\000o\000d\000u\000c\000t\000i\000o\000n}{section.15.3}% 76
\BOOKMARK [2][-]{subsection.15.3.2}{\376\377\0001\0005\000.\0003\000.\0002\000\040\000H\000e\000r\000b\000e\000r\000t\000\040\000S\000c\000h\000u\000l\000z\000\040\000a\000n\000d\000\040\000C\000o\000m\000m\000a\000n\000d\000\040\000C\000o\000m\000p\000l\000e\000t\000i\000o\000n}{section.15.3}% 77
\BOOKMARK [2][-]{subsection.15.3.3}{\376\377\0001\0005\000.\0003\000.\0003\000\040\000C\000o\000m\000p\000l\000e\000t\000i\000n\000g\000\040\000U\000s\000i\000n\000g\000\040\000F\000i\000r\000s\000t\000\040\000F\000e\000w\000\040\000C\000h\000a\000r\000a\000c\000t\000e\000r\000s}{section.15.3}% 78
\BOOKMARK [2][-]{subsection.15.3.4}{\376\377\0001\0005\000.\0003\000.\0004\000\040\000A\000b\000b\000r\000e\000v\000i\000a\000t\000i\000o\000n\000s}{section.15.3}% 79
\BOOKMARK [2][-]{subsection.15.3.5}{\376\377\0001\0005\000.\0003\000.\0005\000\040\000C\000o\000m\000m\000e\000n\000t\000s}{section.15.3}% 80
\BOOKMARK [2][-]{subsection.15.3.6}{\376\377\0001\0005\000.\0003\000.\0006\000\040\000O\000t\000h\000e\000r\000\040\000E\000n\000v\000i\000r\000o\000n\000m\000e\000n\000t\000s}{section.15.3}% 81
\BOOKMARK [2][-]{subsection.15.3.7}{\376\377\0001\0005\000.\0003\000.\0007\000\040\000W\000h\000e\000n\000\040\000T\000y\000p\000i\000n\000g\000\040\000\134\000\040\000i\000s\000\040\000D\000i\000f\000f\000i\000c\000u\000l\000t}{section.15.3}% 82
\BOOKMARK [2][-]{subsection.15.3.8}{\376\377\0001\0005\000.\0003\000.\0008\000\040\000E\000d\000i\000t\000i\000n\000g\000\040\000t\000h\000e\000\040\000C\000o\000m\000m\000a\000n\000d\000\040\000C\000o\000m\000p\000l\000e\000t\000i\000o\000n\000\040\000F\000i\000l\000e}{section.15.3}% 83
\BOOKMARK [0][-]{chapter.16}{\376\377\0001\0006\000\040\000A\000u\000t\000o\000m\000a\000t\000i\000c\000\040\000S\000a\000v\000i\000n\000g\000;\000\040\000F\000i\000n\000d\000i\000n\000g\000\040\000D\000o\000c\000u\000m\000e\000n\000t\000s\000\040\000o\000n\000\040\000D\000i\000s\000k}{}% 84
\BOOKMARK [1][-]{section.16.1}{\376\377\0001\0006\000.\0001\000\040\000A\000u\000t\000o\000m\000a\000t\000i\000c\000\040\000S\000a\000v\000i\000n\000g}{chapter.16}% 85
\BOOKMARK [1][-]{section.16.2}{\376\377\0001\0006\000.\0002\000\040\000L\000o\000c\000k}{chapter.16}% 86
\BOOKMARK [1][-]{section.16.3}{\376\377\0001\0006\000.\0003\000\040\000R\000e\000v\000e\000r\000t\000\040\000T\000o}{chapter.16}% 87
\BOOKMARK [1][-]{section.16.4}{\376\377\0001\0006\000.\0004\000\040\000F\000i\000n\000d\000i\000n\000g\000\040\000t\000h\000e\000\040\000D\000i\000s\000k\000\040\000V\000e\000r\000s\000i\000o\000n\000\040\000o\000f\000\040\000a\000\040\000D\000o\000c\000u\000m\000e\000n\000t}{chapter.16}% 88
\BOOKMARK [0][-]{chapter.17}{\376\377\0001\0007\000\040\000P\000r\000e\000v\000i\000e\000w\000\040\000W\000i\000n\000d\000o\000w}{}% 89
\BOOKMARK [1][-]{section.17.1}{\376\377\0001\0007\000.\0001\000\040\000H\000i\000s\000t\000o\000r\000y}{chapter.17}% 90
\BOOKMARK [1][-]{section.17.2}{\376\377\0001\0007\000.\0002\000\040\000D\000i\000s\000p\000l\000a\000y\000\040\000M\000o\000d\000e\000s}{chapter.17}% 91
\BOOKMARK [1][-]{section.17.3}{\376\377\0001\0007\000.\0003\000\040\000M\000a\000g\000n\000i\000f\000i\000c\000a\000t\000i\000o\000n}{chapter.17}% 92
\BOOKMARK [1][-]{section.17.4}{\376\377\0001\0007\000.\0004\000\040\000A\000\040\000M\000y\000s\000t\000e\000r\000i\000o\000u\000s\000\040\000P\000r\000e\000f\000e\000r\000e\000n\000c\000e\000\040\000I\000t\000e\000m}{chapter.17}% 93
\BOOKMARK [1][-]{section.17.5}{\376\377\0001\0007\000.\0005\000\040\000P\000r\000e\000v\000i\000e\000w\000\040\000M\000o\000u\000s\000e\000\040\000T\000o\000o\000l\000s}{chapter.17}% 94
\BOOKMARK [1][-]{section.17.6}{\376\377\0001\0007\000.\0006\000\040\000B\000a\000c\000k\000,\000\040\000F\000o\000r\000w\000a\000r\000d\000,\000\040\000R\000o\000t\000a\000t\000i\000o\000n}{chapter.17}% 95
\BOOKMARK [1][-]{section.17.7}{\376\377\0001\0007\000.\0007\000\040\000T\000h\000e\000\040\000D\000r\000a\000w\000e\000r\000\040\000a\000n\000d\000\040\000T\000w\000o\000\040\000S\000e\000a\000r\000c\000h\000\040\000F\000i\000e\000l\000d\000s}{chapter.17}% 96
\BOOKMARK [1][-]{section.17.8}{\376\377\0001\0007\000.\0008\000\040\000F\000o\000l\000l\000o\000w\000i\000n\000g\000\040\000L\000i\000n\000k\000s\000\040\000a\000n\000d\000\040\000U\000R\000L\000s}{chapter.17}% 97
\BOOKMARK [1][-]{section.17.9}{\376\377\0001\0007\000.\0009\000\040\000P\000o\000p\000u\000p\000\040\000W\000i\000n\000d\000o\000w\000s\000\040\000a\000n\000d\000\040\000H\000o\000v\000e\000r\000i\000n\000g\000\040\000O\000v\000e\000r\000\040\000L\000i\000n\000k\000s}{chapter.17}% 98
\BOOKMARK [2][-]{subsection.17.9.1}{\376\377\0001\0007\000.\0009\000.\0001\000\040\000M\000o\000d\000i\000f\000y\000i\000n\000g\000\040\000P\000o\000p\000u\000p\000\040\000W\000i\000n\000d\000o\000w\000s}{section.17.9}% 99
\BOOKMARK [2][-]{subsection.17.9.2}{\376\377\0001\0007\000.\0009\000.\0002\000\040\000T\000o\000o\000\040\000M\000u\000c\000h\000\040\000M\000a\000g\000n\000i\000f\000i\000c\000a\000t\000i\000o\000n\000\040\000i\000s\000\040\000B\000a\000d}{section.17.9}% 100
\BOOKMARK [0][-]{chapter.18}{\376\377\0001\0008\000\040\000P\000r\000i\000n\000t\000i\000n\000g}{}% 101
\BOOKMARK [0][-]{chapter.19}{\376\377\0001\0009\000\040\000T\000h\000e\000\040\000C\000o\000n\000s\000o\000l\000e}{}% 102
\BOOKMARK [0][-]{chapter.20}{\376\377\0002\0000\000\040\000H\000T\000M\000L\000,\000\040\000I\000n\000t\000e\000r\000a\000c\000t\000i\000v\000e\000\040\000T\000e\000X\0004\000h\000t\000,\000\040\000P\000r\000e\000T\000e\000X\000t}{}% 103
\BOOKMARK [1][-]{section.20.1}{\376\377\0002\0000\000.\0001\000\040\000H\000t\000m\000l\000\040\000P\000r\000e\000v\000i\000e\000w\000\040\000W\000i\000n\000d\000o\000w}{chapter.20}% 104
\BOOKMARK [1][-]{section.20.2}{\376\377\0002\0000\000.\0002\000\040\000H\000t\000m\000l\000\040\000F\000i\000l\000e\000s}{chapter.20}% 105
\BOOKMARK [1][-]{section.20.3}{\376\377\0002\0000\000.\0003\000\040\000H\000e\000l\000p\000\040\000F\000i\000l\000e\000\040\000f\000o\000r\000\040\000H\000t\000m\000l\000\040\000C\000o\000m\000m\000a\000n\000d\000s}{chapter.20}% 106
\BOOKMARK [1][-]{section.20.4}{\376\377\0002\0000\000.\0004\000\040\000T\000e\000X\0004\000h\000t}{chapter.20}% 107
\BOOKMARK [1][-]{section.20.5}{\376\377\0002\0000\000.\0005\000\040\000H\000i\000s\000t\000o\000r\000i\000c\000a\000l\000\040\000I\000n\000t\000e\000r\000m\000i\000s\000s\000i\000o\000n}{chapter.20}% 108
\BOOKMARK [1][-]{section.20.6}{\376\377\0002\0000\000.\0006\000\040\000T\000e\000X\0004\000h\000t\000\040\000a\000n\000d\000\040\000I\000n\000t\000e\000r\000a\000c\000t\000i\000v\000e\000\040\000D\000o\000c\000u\000m\000e\000n\000t\000s}{chapter.20}% 109
\BOOKMARK [1][-]{section.20.7}{\376\377\0002\0000\000.\0007\000\040\000P\000r\000e\000T\000e\000X\000t}{chapter.20}% 110
\BOOKMARK [1][-]{section.20.8}{\376\377\0002\0000\000.\0008\000\040\000S\000p\000e\000c\000i\000a\000l\000\040\000F\000e\000a\000t\000u\000r\000e\000s\000\040\000o\000f\000\040\000T\000e\000X\000S\000h\000o\000p\000\040\000f\000o\000r\000\040\000h\000t\000m\000l\000,\000\040\000x\000m\000l\000,\000\040\000a\000n\000d\000\040\000p\000t\000x\000\040\000F\000i\000l\000e\000s}{chapter.20}% 111
\BOOKMARK [2][-]{subsection.20.8.1}{\376\377\0002\0000\000.\0008\000.\0001\000\040\000S\000y\000n\000t\000a\000x\000\040\000C\000o\000l\000o\000r\000i\000n\000g}{section.20.8}% 112
\BOOKMARK [2][-]{subsection.20.8.2}{\376\377\0002\0000\000.\0008\000.\0002\000\040\000T\000h\000e\000\040\000T\000a\000g\000s\000\040\000I\000t\000e\000m\000\040\000i\000n\000\040\000t\000h\000e\000\040\000T\000o\000o\000l\000b\000a\000r}{section.20.8}% 113
\BOOKMARK [2][-]{subsection.20.8.3}{\376\377\0002\0000\000.\0008\000.\0003\000\040\000K\000e\000y\000b\000o\000a\000r\000d\000\040\000T\000r\000i\000c\000k\000s\000\040\000w\000i\000t\000h\000\040\000T\000a\000g\000s}{section.20.8}% 114
\BOOKMARK [2][-]{subsection.20.8.4}{\376\377\0002\0000\000.\0008\000.\0004\000\040\000C\000o\000m\000m\000a\000n\000d\000\040\000C\000o\000m\000p\000l\000e\000t\000i\000o\000n}{section.20.8}% 115
\BOOKMARK [0][-]{chapter.21}{\376\377\0002\0001\000\040\000C\000o\000n\000T\000e\000X\000t}{}% 116
\BOOKMARK [1][-]{section.21.1}{\376\377\0002\0001\000.\0001\000\040\000C\000o\000n\000T\000e\000X\000t\000\040\000G\000a\000r\000d\000e\000n}{chapter.21}% 117
\BOOKMARK [1][-]{section.21.2}{\376\377\0002\0001\000.\0002\000\040\000S\000y\000n\000c\000T\000e\000X\000\040\000i\000n\000\040\000C\000o\000n\000T\000e\000X\000t}{chapter.21}% 118
\BOOKMARK [1][-]{section.21.3}{\376\377\0002\0001\000.\0003\000\040\0002\0000\0002\0004\000\040\000a\000n\000d\000\040\000B\000e\000y\000o\000n\000d}{chapter.21}% 119
\BOOKMARK [1][-]{section.21.4}{\376\377\0002\0001\000.\0004\000\040\000T\000y\000p\000e\000s\000e\000t\000t\000i\000n\000g\000\040\000t\000h\000e\000\040\000T\000r\000a\000d\000i\000t\000i\000o\000n\000a\000l\000\040\000C\000o\000n\000T\000e\000X\000t\000\040\000i\000n\000\040\000T\000e\000X\000\040\000L\000i\000v\000e}{chapter.21}% 120
\BOOKMARK [1][-]{section.21.5}{\376\377\0002\0001\000.\0005\000\040\000T\000y\000p\000e\000s\000e\000t\000t\000i\000n\000g\000\040\000C\000o\000n\000T\000e\000X\000t\000\040\000i\000n\000\040\000T\000e\000X\000\040\000L\000i\000v\000e\000\040\000u\000s\000i\000n\000g\000\040\000l\000u\000a\000m\000e\000t\000a\000t\000e\000x}{chapter.21}% 121
\BOOKMARK [1][-]{section.21.6}{\376\377\0002\0001\000.\0006\000\040\000I\000n\000s\000t\000a\000l\000l\000i\000n\000g\000\040\000t\000h\000e\000\040\000C\000o\000n\000T\000e\000X\000t\000\040\000G\000a\000r\000d\000e\000n\000\040\000V\000e\000r\000s\000i\000o\000n}{chapter.21}% 122
\BOOKMARK [1][-]{section.21.7}{\376\377\0002\0001\000.\0007\000\040\000T\000y\000p\000e\000s\000e\000t\000t\000i\000n\000g\000\040\000C\000o\000n\000T\000e\000X\000t\000\040\000f\000r\000o\000m\000\040\000C\000o\000n\000T\000e\000X\000t\000\040\000G\000a\000r\000d\000e\000n}{chapter.21}% 123
\BOOKMARK [0][-]{chapter.22}{\376\377\0002\0002\000\040\000T\000y\000p\000s\000t}{}% 124
\BOOKMARK [1][-]{section.22.1}{\376\377\0002\0002\000.\0001\000\040\000I\000n\000t\000r\000o\000d\000u\000c\000t\000i\000o\000n}{chapter.22}% 125
\BOOKMARK [1][-]{section.22.2}{\376\377\0002\0002\000.\0002\000\040\000P\000a\000c\000k\000a\000g\000e\000s}{chapter.22}% 126
\BOOKMARK [0][-]{chapter.23}{\376\377\0002\0003\000\040\000U\000s\000i\000n\000g\000\040\000a\000n\000\040\000E\000x\000t\000e\000r\000n\000a\000l\000\040\000E\000d\000i\000t\000o\000r}{}% 127
\BOOKMARK [1][-]{section.23.1}{\376\377\0002\0003\000.\0001\000\040\000B\000a\000s\000i\000c\000s}{chapter.23}% 128
\BOOKMARK [1][-]{section.23.2}{\376\377\0002\0003\000.\0002\000\040\000P\000r\000e\000l\000i\000m\000i\000n\000a\000r\000y\000\040\000V\000e\000r\000s\000i\000o\000n\000:\000\040\000U\000s\000i\000n\000g\000\040\000S\000y\000n\000c\000\040\000w\000i\000t\000h\000\040\000a\000n\000\040\000E\000x\000t\000e\000r\000n\000a\000l\000\040\000E\000d\000i\000t\000o\000r}{chapter.23}% 129
\BOOKMARK [1][-]{section.23.3}{\376\377\0002\0003\000.\0003\000\040\000M\000o\000r\000e\000\040\000o\000n\000\040\000E\000x\000t\000e\000r\000n\000a\000l\000\040\000S\000y\000n\000c}{chapter.23}% 130
\BOOKMARK [1][-]{section.23.4}{\376\377\0002\0003\000.\0004\000\040\000I\000r\000r\000e\000l\000e\000v\000a\000n\000t\000\040\000C\000o\000m\000m\000e\000n\000t\000s}{chapter.23}% 131
\BOOKMARK [1][-]{section.23.5}{\376\377\0002\0003\000.\0005\000\040\000M\000o\000r\000e\000\040\000R\000e\000c\000e\000n\000t\000\040\000I\000n\000t\000e\000r\000a\000c\000t\000i\000o\000n\000\040\000M\000e\000t\000h\000o\000d\000s}{chapter.23}% 132
\BOOKMARK [0][-]{chapter.24}{\376\377\0002\0004\000\040\000T\000h\000e\000m\000e\000s}{}% 133
\BOOKMARK [0][-]{chapter.25}{\376\377\0002\0005\000\040\000e\000x\000p\000l\0003\000\040\000S\000y\000n\000t\000a\000x\000\040\000C\000o\000l\000o\000r\000i\000n\000g}{}% 134
\BOOKMARK [1][-]{section.25.1}{\376\377\0002\0005\000.\0001\000\040\000L\000a\000t\000e\000x\0003\000\040\000a\000n\000d\000\040\000e\000x\000p\000l\0003}{chapter.25}% 135
\BOOKMARK [1][-]{section.25.2}{\376\377\0002\0005\000.\0002\000\040\000A\000c\000t\000i\000v\000a\000t\000i\000n\000g\000\040\000e\000x\000p\000l\0003\000\040\000S\000y\000n\000t\000a\000x\000\040\000C\000o\000l\000o\000r\000i\000n\000g}{chapter.25}% 136
\BOOKMARK [1][-]{section.25.3}{\376\377\0002\0005\000.\0003\000\040\000e\000x\000p\000l\0003\000\040\000C\000o\000l\000o\000r\000i\000n\000g\000\040\000R\000u\000l\000e\000s}{chapter.25}% 137
\BOOKMARK [0][-]{chapter.26}{\376\377\0002\0006\000\040\000S\000p\000l\000i\000t\000t\000i\000n\000g\000\040\000W\000i\000n\000d\000o\000w\000s}{}% 138
\BOOKMARK [1][-]{section.26.1}{\376\377\0002\0006\000.\0001\000\040\000S\000p\000l\000i\000t\000t\000i\000n\000g\000\040\000S\000o\000u\000r\000c\000e\000\040\000a\000n\000d\000\040\000P\000r\000e\000v\000i\000e\000w\000\040\000W\000i\000n\000d\000o\000w\000s}{chapter.26}% 139
\BOOKMARK [1][-]{section.26.2}{\376\377\0002\0006\000.\0002\000\040\000T\000h\000e\000\040\000A\000c\000t\000i\000v\000e\000\040\000V\000i\000e\000w\000\040\000i\000n\000\040\000a\000\040\000S\000p\000l\000i\000t\000\040\000W\000i\000n\000d\000o\000w}{chapter.26}% 140
\BOOKMARK [1][-]{section.26.3}{\376\377\0002\0006\000.\0003\000\040\000S\000w\000i\000t\000c\000h\000i\000n\000g\000\040\000V\000i\000e\000w\000s}{chapter.26}% 141
\BOOKMARK [1][-]{section.26.4}{\376\377\0002\0006\000.\0004\000\040\000R\000e\000v\000i\000s\000i\000n\000g\000\040\000t\000h\000e\000\040\000D\000o\000c\000u\000m\000e\000n\000t\000\040\000a\000n\000d\000\040\000T\000y\000p\000e\000s\000e\000t\000t\000i\000n\000g}{chapter.26}% 142
\BOOKMARK [1][-]{section.26.5}{\376\377\0002\0006\000.\0005\000\040\000C\000h\000a\000n\000g\000i\000n\000g\000\040\000t\000h\000e\000\040\000D\000i\000s\000p\000l\000a\000y\000\040\000F\000o\000r\000m\000a\000t\000\040\000W\000h\000i\000l\000e\000\040\000U\000s\000i\000n\000g\000\040\000S\000w\000i\000t\000c\000h\000\040\000V\000i\000e\000w\000s}{chapter.26}% 143
\BOOKMARK [1][-]{section.26.6}{\376\377\0002\0006\000.\0006\000\040\000A\000v\000o\000i\000d\000i\000n\000g\000\040\000C\000r\000e\000e\000p\000\040\000W\000h\000e\000n\000\040\000U\000n\000s\000p\000l\000i\000t\000t\000i\000n\000g}{chapter.26}% 144
\BOOKMARK [1][-]{section.26.7}{\376\377\0002\0006\000.\0007\000\040\000T\000w\000o\000\040\000O\000p\000t\000i\000o\000n\000s\000\040\000W\000h\000e\000n\000\040\000S\000p\000l\000i\000t\000t\000i\000n\000g\000\040\000H\000o\000r\000i\000z\000o\000n\000t\000a\000l\000l\000y}{chapter.26}% 145
\BOOKMARK [1][-]{section.26.8}{\376\377\0002\0006\000.\0008\000\040\000S\000p\000l\000i\000t\000t\000i\000n\000g\000\040\000V\000e\000r\000t\000i\000c\000a\000l\000l\000y}{chapter.26}% 146
\BOOKMARK [1][-]{section.26.9}{\376\377\0002\0006\000.\0009\000\040\000F\000i\000n\000a\000l\000\040\000N\000o\000t\000e}{chapter.26}% 147
\BOOKMARK [0][-]{chapter.27}{\376\377\0002\0007\000\040\000S\000w\000i\000t\000c\000h\000i\000n\000g\000\040\000P\000r\000e\000v\000i\000e\000w\000\040\000V\000i\000e\000w\000s}{}% 148
\BOOKMARK [1][-]{section.27.1}{\376\377\0002\0007\000.\0001\000\040\000B\000a\000c\000k\000\040\000a\000n\000d\000\040\000F\000o\000r\000w\000a\000r\000d\000\040\000A\000r\000r\000o\000w\000s}{chapter.27}% 149
\BOOKMARK [1][-]{section.27.2}{\376\377\0002\0007\000.\0002\000\040\000S\000w\000i\000t\000c\000h\000\040\000V\000i\000e\000w\000s}{chapter.27}% 150
\BOOKMARK [1][-]{section.27.3}{\376\377\0002\0007\000.\0003\000\040\000I\000n\000d\000e\000p\000e\000n\000d\000e\000n\000c\000e\000\040\000f\000r\000o\000m\000\040\000S\000p\000l\000i\000t\000\040\000W\000i\000n\000d\000o\000w}{chapter.27}% 151
\BOOKMARK [0][-]{chapter.28}{\376\377\0002\0008\000\040\000P\000r\000e\000s\000e\000n\000t\000i\000n\000g\000\040\000w\000i\000t\000h\000\040\000T\000e\000X\000S\000h\000o\000p\000\040\000\050\000S\000c\000h\000m\000o\000c\000k\000\051}{}% 152
\BOOKMARK [1][-]{section.28.1}{\376\377\0002\0008\000.\0001\000\040\000I\000n\000t\000r\000o\000d\000u\000c\000t\000i\000o\000n\000\040\000\050\000K\000o\000c\000h\000\051}{chapter.28}% 153
\BOOKMARK [1][-]{section.28.2}{\376\377\0002\0008\000.\0002\000\040\000P\000r\000e\000s\000e\000n\000t\000i\000n\000g\000\040\000\050\000S\000c\000h\000m\000o\000c\000k\000\051}{chapter.28}% 154
\BOOKMARK [0][-]{chapter.29}{\376\377\0002\0009\000\040\000A\000d\000d\000i\000t\000i\000o\000n\000a\000l\000\040\000T\000e\000X\000S\000h\000o\000p\000\040\000F\000e\000a\000t\000u\000r\000e\000s}{}% 155
\BOOKMARK [1][-]{section.29.1}{\376\377\0002\0009\000.\0001\000\040\000E\000x\000p\000e\000r\000i\000m\000e\000n\000t\000s}{chapter.29}% 156
\BOOKMARK [1][-]{section.29.2}{\376\377\0002\0009\000.\0002\000\040\000T\000a\000g\000s\000\040\000T\000o\000o\000l\000b\000a\000r\000\040\000I\000t\000e\000m\000\040\000a\000n\000d\000\040\000M\000e\000n\000u\000;\000\040\000L\000a\000b\000e\000l\000s\000\040\000I\000t\000e\000m}{chapter.29}% 157
\BOOKMARK [1][-]{section.29.3}{\376\377\0002\0009\000.\0003\000\040\000L\000a\000t\000e\000x\000\040\000P\000a\000n\000e\000l\000,\000\040\000M\000a\000t\000r\000i\000x\000\040\000P\000a\000n\000e\000l\000,\000\040\000U\000n\000i\000c\000o\000d\000e\000\040\000P\000a\000n\000e\000l}{chapter.29}% 158
\BOOKMARK [1][-]{section.29.4}{\376\377\0002\0009\000.\0004\000\040\000S\000h\000o\000w\000\040\000I\000n\000v\000i\000s\000i\000b\000l\000e}{chapter.29}% 159
\BOOKMARK [1][-]{section.29.5}{\376\377\0002\0009\000.\0005\000\040\000A\000\040\000M\000a\000g\000i\000c\000\040\000L\000i\000n\000e\000\040\000f\000o\000r\000\040\000B\000e\000a\000m\000e\000r\000\040\000a\000n\000d\000\040\000O\000t\000h\000e\000r\000\040\000S\000l\000i\000d\000e\000\040\000P\000a\000c\000k\000a\000g\000e\000s}{chapter.29}% 160
\BOOKMARK [1][-]{section.29.6}{\376\377\0002\0009\000.\0006\000\040\000C\000o\000u\000n\000t\000i\000n\000g\000\040\000W\000o\000r\000d\000s\000\040\000i\000n\000\040\000a\000\040\000D\000o\000c\000u\000m\000e\000n\000t}{chapter.29}% 161
\BOOKMARK [1][-]{section.29.7}{\376\377\0002\0009\000.\0007\000\040\000U\000s\000e\000f\000u\000l\000\040\000I\000t\000e\000m\000s\000\040\000i\000n\000\040\000t\000h\000e\000\040\000T\000e\000X\000S\000h\000o\000p\000\040\000M\000e\000n\000u}{chapter.29}% 162
\BOOKMARK [0][-]{chapter.30}{\376\377\0003\0000\000\040\000O\000t\000h\000e\000r\000\040\000M\000i\000s\000c\000e\000l\000l\000a\000n\000e\000o\000u\000s\000\040\000F\000e\000a\000t\000u\000r\000e\000s}{}% 163
\BOOKMARK [1][-]{section.30.1}{\376\377\0003\0000\000.\0001\000\040\000I\000t\000e\000m\000s\000\040\000i\000n\000\040\000t\000h\000e\000\040\000T\000e\000X\000S\000h\000o\000p\000\040\000H\000e\000l\000p\000\040\000M\000e\000n\000u}{chapter.30}% 164
\BOOKMARK [1][-]{section.30.2}{\376\377\0003\0000\000.\0002\000\040\000H\000e\000l\000p\000\040\000w\000i\000t\000h\000\040\000S\000t\000y\000l\000e\000\040\000a\000n\000d\000\040\000C\000l\000a\000s\000s\000\040\000F\000i\000l\000e\000s}{chapter.30}% 165
\BOOKMARK [1][-]{section.30.3}{\376\377\0003\0000\000.\0003\000\040\000O\000p\000e\000n\000i\000n\000g\000\040\000O\000t\000h\000e\000r\000\040\000F\000i\000l\000e\000s}{chapter.30}% 166
\BOOKMARK [1][-]{section.30.4}{\376\377\0003\0000\000.\0004\000\040\000A\000r\000a\000b\000i\000c\000,\000\040\000H\000e\000b\000r\000e\000w\000,\000\040\000P\000e\000r\000s\000i\000a\000n}{chapter.30}% 167
\BOOKMARK [1][-]{section.30.5}{\376\377\0003\0000\000.\0005\000\040\000L\000o\000c\000a\000l\000i\000z\000a\000t\000i\000o\000n\000s}{chapter.30}% 168
\BOOKMARK [1][-]{section.30.6}{\376\377\0003\0000\000.\0006\000\040\000R\000e\000d\000e\000f\000i\000n\000i\000n\000g\000\040\000M\000e\000n\000u\000\040\000S\000h\000o\000r\000t\000c\000u\000t\000\040\000K\000e\000y\000s\000t\000r\000o\000k\000e\000s}{chapter.30}% 169
\BOOKMARK [1][-]{section.30.7}{\376\377\0003\0000\000.\0007\000\040\000T\000h\000e\000\040\000B\000l\000o\000c\000k\000\040\000I\000n\000s\000e\000r\000t\000i\000o\000n\000\040\000C\000u\000r\000s\000o\000r}{chapter.30}% 170
\BOOKMARK [0][-]{chapter.31}{\376\377\0003\0001\000\040\000S\000p\000e\000l\000l\000\040\000C\000h\000e\000c\000k\000i\000n\000g}{}% 171
\BOOKMARK [1][-]{section.31.1}{\376\377\0003\0001\000.\0001\000\040\000I\000n\000t\000r\000o\000d\000u\000c\000t\000i\000o\000n}{chapter.31}% 172
\BOOKMARK [1][-]{section.31.2}{\376\377\0003\0001\000.\0002\000\040\000D\000i\000c\000t\000i\000o\000n\000a\000r\000i\000e\000s}{chapter.31}% 173
\BOOKMARK [1][-]{section.31.3}{\376\377\0003\0001\000.\0003\000\040\000S\000p\000e\000l\000l\000\040\000C\000h\000e\000c\000k\000i\000n\000g\000\040\000L\000a\000T\000e\000X\000\040\000C\000o\000m\000m\000a\000n\000d\000s}{chapter.31}% 174
\BOOKMARK [1][-]{section.31.4}{\376\377\0003\0001\000.\0004\000\040\000c\000o\000c\000o\000A\000s\000p\000e\000l\000l}{chapter.31}% 175
\BOOKMARK [1][-]{section.31.5}{\376\377\0003\0001\000.\0005\000\040\000c\000o\000c\000o\000A\000s\000p\000e\000l\000l\000\040\000U\000s\000a\000g\000e\000\040\000\050\000K\000o\000c\000h\000\051}{chapter.31}% 176
\BOOKMARK [1][-]{section.31.6}{\376\377\0003\0001\000.\0006\000\040\000c\000o\000c\000o\000A\000s\000p\000e\000l\000l\000\040\000I\000n\000s\000t\000a\000l\000l\000i\000n\000g\000\040\000\050\000S\000c\000h\000u\000l\000z\000\051}{chapter.31}% 177
\BOOKMARK [2][-]{subsection.31.6.1}{\376\377\0003\0001\000.\0006\000.\0001\000\040\000I\000n\000t\000r\000o\000d\000u\000c\000t\000i\000o\000n}{section.31.6}% 178
\BOOKMARK [2][-]{subsection.31.6.2}{\376\377\0003\0001\000.\0006\000.\0002\000\040\000F\000i\000r\000s\000t\000\040\000C\000h\000e\000c\000k\000\040\000f\000o\000r\000\040\000m\000a\000k\000e}{section.31.6}% 179
\BOOKMARK [2][-]{subsection.31.6.3}{\376\377\0003\0001\000.\0006\000.\0003\000\040\000B\000u\000i\000l\000d\000i\000n\000g\000\040\000t\000h\000e\000\040\000c\000o\000c\000o\000A\000s\000p\000e\000l\000l\000\040\000D\000i\000c\000t\000i\000o\000n\000a\000r\000i\000e\000s}{section.31.6}% 180
\BOOKMARK [0][-]{chapter.32}{\376\377\0003\0002\000\040\000J\000a\000p\000a\000n}{}% 181
\BOOKMARK [0][-]{chapter.33}{\376\377\0003\0003\000\040\000U\000p\000d\000a\000t\000i\000n\000g\000\040\000T\000e\000X\000S\000h\000o\000p}{}% 182
\BOOKMARK [0][-]{chapter.34}{\376\377\0003\0004\000\040\000O\000p\000e\000n\000i\000n\000g\000\040\000E\000n\000c\000r\000y\000p\000t\000e\000d\000\040\000P\000D\000F\000\040\000F\000i\000l\000e\000s}{}% 183
\BOOKMARK [0][-]{chapter.35}{\376\377\0003\0005\000\040\000L\000e\000f\000t\000\040\000O\000v\000e\000r\000\040\000I\000t\000e\000m\000s}{}% 184
\BOOKMARK [1][-]{section.35.1}{\376\377\0003\0005\000.\0001\000\040\000M\000e\000n\000u\000s}{chapter.35}% 185
\BOOKMARK [1][-]{section.35.2}{\376\377\0003\0005\000.\0002\000\040\000I\000t\000e\000m\000s\000\040\000i\000n\000\040\000t\000h\000e\000\040\000P\000r\000e\000f\000e\000r\000e\000n\000c\000e\000\040\000P\000a\000n\000e}{chapter.35}% 186
\BOOKMARK [1][-]{section.35.3}{\376\377\0003\0005\000.\0003\000\040\000M\000o\000d\000i\000f\000y\000i\000n\000g\000\040\000t\000h\000e\000\040\000L\000a\000t\000e\000x\000\040\000P\000a\000n\000e\000l}{chapter.35}% 187
\BOOKMARK [1][-]{section.35.4}{\376\377\0003\0005\000.\0004\000\040\000A\000d\000d\000i\000n\000g\000\040\000t\000o\000\040\000t\000h\000e\000\040\000L\000i\000s\000t\000\040\000o\000f\000\040\000F\000i\000l\000e\000s\000\040\000T\000h\000a\000t\000\040\000C\000a\000n\000\040\000B\000e\000\040\000T\000y\000p\000e\000s\000e\000t}{chapter.35}% 188
\BOOKMARK [0][-]{chapter.36}{\376\377\0003\0006\000\040\000M\000a\000g\000i\000c\000\040\000C\000o\000m\000m\000e\000n\000t\000\040\000L\000i\000n\000e\000s}{}% 189
\BOOKMARK [1][-]{section.36.1}{\376\377\0003\0006\000.\0001\000\040\000C\000o\000m\000m\000o\000n\000l\000y\000\040\000U\000s\000e\000d\000\040\000M\000a\000g\000i\000c\000\040\000L\000i\000n\000e\000s}{chapter.36}% 190
\BOOKMARK [1][-]{section.36.2}{\376\377\0003\0006\000.\0002\000\040\000M\000a\000g\000i\000c\000\040\000L\000i\000n\000e\000s\000\040\000t\000o\000\040\000C\000o\000n\000t\000r\000o\000l\000\040\000P\000r\000e\000v\000i\000e\000w\000\040\000i\000n\000\040\000D\000o\000u\000b\000l\000e\000\040\000P\000a\000g\000e\000\040\000M\000o\000d\000e\000s}{chapter.36}% 191
\BOOKMARK [1][-]{section.36.3}{\376\377\0003\0006\000.\0003\000\040\000M\000a\000g\000i\000c\000\040\000L\000i\000n\000e\000s\000\040\000f\000o\000r\000\040\000C\000o\000n\000T\000e\000X\000t}{chapter.36}% 192
\BOOKMARK [1][-]{section.36.4}{\376\377\0003\0006\000.\0004\000\040\000A\000\040\000M\000a\000g\000i\000c\000\040\000L\000i\000n\000e\000\040\000f\000o\000r\000\040\000B\000e\000a\000m\000e\000r}{chapter.36}% 193
\BOOKMARK [1][-]{section.36.5}{\376\377\0003\0006\000.\0005\000\040\000O\000b\000s\000o\000l\000e\000t\000e\000\040\000M\000a\000g\000i\000c\000\040\000L\000i\000n\000e\000s}{chapter.36}% 194
\BOOKMARK [1][-]{section.36.6}{\376\377\0003\0006\000.\0006\000\040\000P\000s\000e\000u\000d\000o\000-\000M\000a\000g\000i\000c\000\040\000L\000i\000n\000e\000s\000\040\000f\000o\000r\000\040\000E\000n\000g\000i\000n\000e\000\040\000F\000i\000l\000e\000s}{chapter.36}% 195
\BOOKMARK [0][-]{chapter.37}{\376\377\0003\0007\000\040\000H\000i\000d\000d\000e\000n\000\040\000P\000r\000e\000f\000e\000r\000e\000n\000c\000e\000s}{}% 196
\BOOKMARK [1][-]{section.37.1}{\376\377\0003\0007\000.\0001\000\040\000I\000n\000t\000r\000o\000d\000u\000c\000t\000i\000o\000n}{chapter.37}% 197
\BOOKMARK [1][-]{section.37.2}{\376\377\0003\0007\000.\0002\000\040\000P\000r\000e\000f\000e\000r\000e\000n\000c\000e\000s\000\040\000C\000r\000e\000a\000t\000e\000d\000\040\000B\000e\000f\000o\000r\000e\000\040\000Y\000o\000s\000e\000m\000i\000t\000e\000\040}{chapter.37}% 198
\BOOKMARK [1][-]{section.37.3}{\376\377\0003\0007\000.\0003\000\040\000N\000e\000w\000e\000r\000\040\000H\000i\000d\000d\000e\000n\000\040\000P\000r\000e\000f\000e\000r\000e\000n\000c\000e\000s}{chapter.37}% 199
\BOOKMARK [0][-]{chapter.38}{\376\377\0003\0008\000\040\000U\000n\000u\000s\000u\000a\000l\000\040\000B\000u\000g\000s}{}% 200
\BOOKMARK [1][-]{section.38.1}{\376\377\0003\0008\000.\0001\000\040\000Z\000o\000m\000b\000i\000e\000\040\000U\000n\000t\000i\000t\000l\000e\000d\000\040\000W\000i\000n\000d\000o\000w\000s}{chapter.38}% 201
\BOOKMARK [0][-]{chapter.39}{\376\377\0003\0009\000\040\000C\000o\000n\000t\000r\000i\000b\000u\000t\000o\000r\000s}{}% 202
