This is XeTeXk, Version 3.14159-2.1-0.86 (Web2C 7.5.2) (format=xelatex 2004.9.8)  17 SEP 2004 19:14
entering extended mode
 %&-line parsing enabled.
**Example.tex
(./Example.tex
LaTeX2e <2001/06/01>
Babel <v3.7h> and hyphenation patterns for american, french, german, ngerman, n
ohyphenation, loaded.
(/usr/local/teTeX/share/texmf.tetex/tex/latex/base/article.cls
Document Class: article 2001/04/21 v1.4e Standard LaTeX document class
(/usr/local/teTeX/share/texmf.tetex/tex/latex/base/size11.clo
File: size11.clo 2001/04/21 v1.4e Standard LaTeX file (size option)
)
\c@part=\count79
\c@section=\count80
\c@subsection=\count81
\c@subsubsection=\count82
\c@paragraph=\count83
\c@subparagraph=\count84
\c@figure=\count85
\c@table=\count86
\abovecaptionskip=\skip41
\belowcaptionskip=\skip42
\bibindent=\dimen102
)
(/usr/local/teTeX/share/texmf.tetex/tex/latex/misc/parskip.sty
Package: parskip 2001/04/09 non-zero parskip adjustments
) (./Example.aux)
\openout1 = `Example.aux'.

LaTeX Font Info:    Checking defaults for OML/cmm/m/it on input line 7.
LaTeX Font Info:    ... okay on input line 7.
LaTeX Font Info:    Checking defaults for T1/cmr/m/n on input line 7.
LaTeX Font Info:    ... okay on input line 7.
LaTeX Font Info:    Checking defaults for OT1/cmr/m/n on input line 7.
LaTeX Font Info:    ... okay on input line 7.
LaTeX Font Info:    Checking defaults for OMS/cmsy/m/n on input line 7.
LaTeX Font Info:    ... okay on input line 7.
LaTeX Font Info:    Checking defaults for OMX/cmex/m/n on input line 7.
LaTeX Font Info:    ... okay on input line 7.
LaTeX Font Info:    Checking defaults for U/cmr/m/n on input line 7.
LaTeX Font Info:    ... okay on input line 7.
[1

] (./Example.aux) ) 
Here is how much of TeX's memory you used:
 218 strings out of 95908
 2405 string characters out of 1191965
 45490 words of memory out of 1500984
 3318 multiletter control sequences out of 10000+50000
 3968 words of font info for 19 fonts, out of 1000000 for 2000
 14 hyphenation exceptions out of 1000
 21i,4n,19p,142b,105s stack positions out of 5000i,500n,6000p,200000b,40000s

Output written on Example.pdf (1 page).
