\BOOKMARK [1][-]{section.1}{1. This Document}{}% 1
\BOOKMARK [1][-]{section.2}{2. Changes in 3.18}{}% 2
\BOOKMARK [1][-]{section.3}{3. Changes in 3.17}{}% 3
\BOOKMARK [1][-]{section.4}{4. Changes in 3.16}{}% 4
\BOOKMARK [1][-]{section.5}{5. Changes in 3.15}{}% 5
\BOOKMARK [1][-]{section.6}{6. Changes in 3.12 - 3.14}{}% 6
\BOOKMARK [1][-]{section.7}{7. Changes in 3.11}{}% 7
\BOOKMARK [1][-]{section.8}{8. Changes in 3.10}{}% 8
\BOOKMARK [1][-]{section.9}{9. Changes in 3.07, 3.08, and 3.09}{}% 9
\BOOKMARK [1][-]{section.10}{10. Changes in 3.05 and 3.06}{}% 10
\BOOKMARK [1][-]{section.11}{11. Changes in 3.00 - 3.04}{}% 11
\BOOKMARK [1][-]{section.12}{12. Changes in 2.42 and 2.43}{}% 12
\BOOKMARK [1][-]{section.13}{13. Changes in 2.41}{}% 13
\BOOKMARK [1][-]{section.14}{14. Changes in 2.40}{}% 14
\BOOKMARK [1][-]{section.15}{15. Changes in 2.39}{}% 15
\BOOKMARK [1][-]{section.16}{16. Changes in 2.38}{}% 16
\BOOKMARK [1][-]{section.17}{17. Changes in 2.35, 2.36, and 2.37}{}% 17
\BOOKMARK [1][-]{section.18}{18. Changes in 2.34}{}% 18
\BOOKMARK [1][-]{section.19}{19. Preference Changes; No New Changes After 2.30}{}% 19
\BOOKMARK [1][-]{section.20}{20. A Refresher Course; No Action Required}{}% 20
\BOOKMARK [1][-]{section.21}{21. A Slight Upgrade Change From 2.33 Onward}{}% 21
\BOOKMARK [1][-]{section.22}{22. Easy Steps for Some Users}{}% 22
\BOOKMARK [1][-]{section.23}{23. New And Improved Engines}{}% 23
\BOOKMARK [1][-]{section.24}{24. Macros; No New Changes After 2.30}{}% 24
\BOOKMARK [1][-]{section.25}{25. Keyboard Shortcuts; No New Changes After 2.31}{}% 25
\BOOKMARK [1][-]{section.26}{26. Command Completion Changes In 2.31}{}% 26
\BOOKMARK [1][-]{section.27}{27. Documentation Changes In 2.30}{}% 27
