\BOOKMARK [1][-]{section.1}{\376\377\000P\000r\000e\000T\000e\000X\000t\000\040\000a\000n\000d\000\040\000X\000M\000L}{}% 1
\BOOKMARK [1][-]{section.2}{\376\377\000G\000e\000t\000t\000i\000n\000g\000\040\000m\000a\000t\000h\000b\000o\000o\000k\000\040\000i\000n\000t\000o\000\040\000/\000D\000o\000c\000u\000m\000e\000n\000t\000s}{}% 2
\BOOKMARK [1][-]{section.3}{\376\377\000A\000c\000t\000i\000v\000a\000t\000i\000n\000g\000\040\000t\000h\000e\000\040\000P\000r\000e\000T\000e\000X\000t\000\040\000E\000n\000g\000i\000n\000e\000s}{}% 3
\BOOKMARK [1][-]{section.4}{\376\377\000U\000p\000d\000a\000t\000i\000n\000g\000\040\000\040\000/\000L\000i\000b\000r\000a\000r\000y\000/\000T\000e\000X\000S\000h\000o\000p}{}% 4
\BOOKMARK [1][-]{section.5}{\376\377\000A\000\040\000V\000e\000r\000y\000\040\000S\000i\000m\000p\000l\000e\000\040\000E\000x\000a\000m\000p\000l\000e}{}% 5
\BOOKMARK [1][-]{section.6}{\376\377\000T\000h\000e\000\040\000M\000i\000n\000i\000m\000a\000l\000\040\000E\000x\000a\000m\000p\000l\000e}{}% 6
\BOOKMARK [1][-]{section.7}{\376\377\000O\000t\000h\000e\000r\000\040\000E\000x\000a\000m\000p\000l\000e\000s}{}% 7
\BOOKMARK [1][-]{section.8}{\376\377\000T\000h\000e\000\040\000S\000a\000m\000p\000l\000e\000-\000A\000r\000t\000i\000c\000l\000e}{}% 8
\BOOKMARK [1][-]{section.9}{\376\377\000T\000h\000e\000\040\000P\000r\000e\000T\000e\000X\000t\000\040\000G\000u\000i\000d\000e}{}% 9
\BOOKMARK [1][-]{section.10}{\376\377\000U\000s\000i\000n\000g\000\040\000T\000e\000X\000S\000h\000o\000p\000\040\000w\000i\000t\000h\000\040\000P\000r\000e\000T\000e\000X\000t}{}% 10
\BOOKMARK [1][-]{section.11}{\376\377\000S\000t\000a\000r\000t\000i\000n\000g\000\040\000a\000\040\000N\000e\000w\000\040\000D\000o\000c\000u\000m\000e\000n\000t}{}% 11
\BOOKMARK [1][-]{section.12}{\376\377\000S\000y\000n\000t\000a\000x\000\040\000C\000o\000l\000o\000r\000i\000n\000g}{}% 12
\BOOKMARK [1][-]{section.13}{\376\377\000T\000h\000e\000\040\000T\000a\000g\000s\000\040\000I\000t\000e\000m\000\040\000o\000n\000\040\000t\000h\000e\000\040\000T\000o\000o\000l\000b\000a\000r}{}% 13
\BOOKMARK [1][-]{section.14}{\376\377\000S\000o\000m\000e\000\040\000K\000e\000y\000b\000o\000a\000r\000d\000\040\000T\000r\000i\000c\000k\000s}{}% 14
\BOOKMARK [1][-]{section.15}{\376\377\000C\000o\000m\000m\000a\000n\000d\000\040\000C\000o\000m\000p\000l\000e\000t\000i\000o\000n}{}% 15
\BOOKMARK [1][-]{section.16}{\376\377\000M\000o\000r\000e\000\040\000o\000n\000\040\000C\000o\000m\000m\000a\000n\000d\000\040\000C\000o\000m\000p\000l\000e\000t\000i\000o\000n}{}% 16
\BOOKMARK [1][-]{section.17}{\376\377\000L\000a\000t\000e\000x\000m\000k\000\040\000a\000n\000d\000\040\000X\000e\000L\000a\000T\000e\000X}{}% 17
\BOOKMARK [1][-]{section.18}{\376\377\000E\000n\000d\000\040\000o\000f\000\040\000R\000e\000v\000i\000s\000i\000o\000n\000\040\000o\000f\000\040\0002\0000\0001\0009\000\040\000D\000o\000c\000u\000m\000e\000n\000t}{}% 18
\BOOKMARK [1][-]{section.19}{\376\377\000T\000h\000e\000\040\000V\000a\000l\000i\000d\000a\000t\000e\000\040\000E\000n\000g\000i\000n\000e}{}% 19
\BOOKMARK [1][-]{section.20}{\376\377\000P\000r\000e\000T\000e\000X\000t\000\040\000P\000r\000o\000j\000e\000c\000t\000s\000\040\000w\000i\000t\000h\000\040\000S\000e\000v\000e\000r\000a\000l\000\040\000S\000o\000u\000r\000c\000e\000\040\000F\000i\000l\000e\000s}{}% 20
\BOOKMARK [1][-]{section.21}{\376\377\000M\000i\000s\000c\000e\000l\000l\000a\000n\000e\000o\000u\000s\000\040\000F\000e\000a\000t\000u\000r\000e\000s}{}% 21
